feature/image/build/intermediates/manifest_merge_blame_file/debug/processDebugManifest/manifest-merger-blame-debug-report.txt
1<?xml version="1.0" encoding="utf-8"?>
2<manifest xmlns:android="http://schemas.android.com/apk/res/android"
3    package="com.sys.androidkit.feature.image" >
4
5    <uses-sdk android:minSdkVersion="24" />
5-->INJECTED
5-->INJECTED
6
7    <!-- 自定义相册网格需要读取 MediaStore；系统 Photo Picker 不需要这些权限 -->
8    <uses-permission
8-->src/main/AndroidManifest.xml:5:5-7:38
9        android:name="android.permission.READ_EXTERNAL_STORAGE"
9-->src/main/AndroidManifest.xml:6:9-64
10        android:maxSdkVersion="32" />
10-->src/main/AndroidManifest.xml:7:9-35
11    <uses-permission android:name="android.permission.READ_MEDIA_IMAGES" />
11-->src/main/AndroidManifest.xml:8:5-76
11-->src/main/AndroidManifest.xml:8:22-73
12    <uses-permission android:name="android.permission.CAMERA" />
12-->src/main/AndroidManifest.xml:9:5-65
12-->src/main/AndroidManifest.xml:9:22-62
13
14    <uses-feature
14-->src/main/AndroidManifest.xml:11:5-13:36
15        android:name="android.hardware.camera"
15-->src/main/AndroidManifest.xml:12:9-47
16        android:required="false" />
16-->src/main/AndroidManifest.xml:13:9-33
17
18</manifest>